{"level":"info","message":"Prix simulé à 2025-05-30T23:45:00.078Z: 0.04350637456801794 €/kWh","timestamp":"2025-05-30T23:45:00.125Z"}
{"level":"info","message":"Prix simulé à 2025-05-31T00:00:00.103Z: 0.03135691956671061 €/kWh","timestamp":"2025-05-31T00:00:00.209Z"}
{"level":"info","message":"Prix simulé à 2025-05-31T00:15:00.193Z: 0.03456739669893395 €/kWh","timestamp":"2025-05-31T00:15:00.228Z"}
{"level":"info","message":"Prix simulé à 2025-05-31T00:30:00.171Z: 0.036235166679291615 €/kWh","timestamp":"2025-05-31T00:30:00.255Z"}
{"level":"info","message":"Prix simulé à 2025-05-31T01:27:48.961Z: 0.0446670533939148 €/kWh","timestamp":"2025-05-31T01:27:49.209Z"}
{"level":"info","message":"Prix simulé à 2025-05-31T01:30:00.089Z: 0.04201620747819153 €/kWh","timestamp":"2025-05-31T01:30:00.126Z"}
{"level":"info","message":"Transaction manuelle buy: 5 kWh à 0.04201620747819153 €/kWh, profit: 0","timestamp":"2025-05-31T12:54:13.747Z"}
{"level":"info","message":"Initialisation immédiate des prix à 2025-05-31T13:27:52.018Z","timestamp":"2025-05-31T13:27:52.021Z"}
{"level":"info","message":"Prix simulé à 2025-05-31T13:27:52.026Z: 0.08295772325477829 €/kWh","timestamp":"2025-05-31T13:27:52.224Z"}
{"level":"info","message":"Prix initialisé avec succès: 0.08295772325477829 €/kWh","timestamp":"2025-05-31T13:27:52.225Z"}
{"level":"info","message":"Worker energy-trades processing job: check-trade at 2025-05-31T13:27:52.240Z","timestamp":"2025-05-31T13:27:52.241Z"}
{"level":"info","message":"Worker energy-prices processing job: update-price at 2025-05-31T13:27:52.244Z","timestamp":"2025-05-31T13:27:52.244Z"}
{"level":"error","message":"Erreur lors de la vérification des transactions: fetch failed","timestamp":"2025-05-31T13:27:52.302Z"}
{"level":"info","message":"Prix simulé à 2025-05-31T13:27:52.246Z: 0.06541563688224958 €/kWh","timestamp":"2025-05-31T13:27:52.333Z"}
{"level":"info","message":"Prix mis à jour avec succès: 0.06541563688224958 €/kWh at 2025-05-31T13:27:52.334Z","timestamp":"2025-05-31T13:27:52.334Z"}
{"level":"info","message":"Worker energy-prices processing job: update-price at 2025-05-31T13:30:00.063Z","timestamp":"2025-05-31T13:30:00.063Z"}
{"level":"info","message":"Worker energy-trades processing job: check-trade at 2025-05-31T13:30:00.067Z","timestamp":"2025-05-31T13:30:00.067Z"}
{"level":"info","message":"Prix simulé à 2025-05-31T13:30:00.065Z: 0.06095679337870886 €/kWh","timestamp":"2025-05-31T13:30:00.110Z"}
{"level":"info","message":"Prix mis à jour avec succès: 0.06095679337870886 €/kWh at 2025-05-31T13:30:00.111Z","timestamp":"2025-05-31T13:30:00.111Z"}
{"level":"info","message":"Vérification des transactions terminée at 2025-05-31T13:30:02.808Z","timestamp":"2025-05-31T13:30:02.809Z"}
{"level":"info","message":"Worker energy-prices processing job: update-price at 2025-05-31T13:45:00.087Z","timestamp":"2025-05-31T13:45:00.087Z"}
{"level":"info","message":"Worker energy-trades processing job: check-trade at 2025-05-31T13:45:00.091Z","timestamp":"2025-05-31T13:45:00.091Z"}
{"level":"info","message":"Prix simulé à 2025-05-31T13:45:00.089Z: 0.08522839673445641 €/kWh","timestamp":"2025-05-31T13:45:00.144Z"}
{"level":"info","message":"Prix mis à jour avec succès: 0.08522839673445641 €/kWh at 2025-05-31T13:45:00.145Z","timestamp":"2025-05-31T13:45:00.145Z"}
{"level":"info","message":"Vérification des transactions terminée at 2025-05-31T13:45:01.927Z","timestamp":"2025-05-31T13:45:01.927Z"}
{"level":"info","message":"Worker energy-prices processing job: update-price at 2025-05-31T14:00:00.079Z","timestamp":"2025-05-31T14:00:00.079Z"}
{"level":"info","message":"Worker energy-trades processing job: check-trade at 2025-05-31T14:00:00.082Z","timestamp":"2025-05-31T14:00:00.082Z"}
{"level":"info","message":"Prix simulé à 2025-05-31T14:00:00.080Z: 0.08910910909871679 €/kWh","timestamp":"2025-05-31T14:00:00.117Z"}
{"level":"info","message":"Prix mis à jour avec succès: 0.08910910909871679 €/kWh at 2025-05-31T14:00:00.118Z","timestamp":"2025-05-31T14:00:00.118Z"}
{"level":"info","message":"Vérification des transactions terminée at 2025-05-31T14:00:06.089Z","timestamp":"2025-05-31T14:00:06.089Z"}
{"level":"info","message":"Initialisation immédiate des prix à 2025-05-31T15:31:40.472Z","timestamp":"2025-05-31T15:31:40.474Z"}
{"level":"info","message":"Worker energy-prices processing job: update-price at 2025-05-31T15:31:42.432Z","timestamp":"2025-05-31T15:31:42.432Z"}
{"level":"info","message":"Worker energy-trades processing job: check-trade at 2025-05-31T15:31:42.435Z","timestamp":"2025-05-31T15:31:42.435Z"}
{"level":"info","message":"Prix simulé à 2025-05-31T15:31:40.478Z: 0.06054928193930198 €/kWh","timestamp":"2025-05-31T15:31:42.467Z"}
{"level":"info","message":"Prix initialisé avec succès: 0.06054928193930198 €/kWh","timestamp":"2025-05-31T15:31:42.468Z"}
{"level":"error","message":"Erreur lors de la vérification des transactions: fetch failed","timestamp":"2025-05-31T15:31:42.548Z"}
{"level":"info","message":"Prix simulé à 2025-05-31T15:31:42.433Z: 0.0605158202917207 €/kWh","timestamp":"2025-05-31T15:31:42.555Z"}
{"level":"info","message":"Prix mis à jour avec succès: 0.0605158202917207 €/kWh at 2025-05-31T15:31:42.556Z","timestamp":"2025-05-31T15:31:42.556Z"}
{"level":"info","message":"Initialisation immédiate des prix à 2025-05-31T16:01:07.382Z","timestamp":"2025-05-31T16:01:07.387Z"}
{"level":"info","message":"Worker energy-prices processing job: update-price at 2025-05-31T16:01:08.004Z","timestamp":"2025-05-31T16:01:08.004Z"}
{"level":"info","message":"Worker energy-trades processing job: check-trade at 2025-05-31T16:01:08.013Z","timestamp":"2025-05-31T16:01:08.013Z"}
{"level":"info","message":"Prix simulé à 2025-05-31T16:01:07.393Z: 0.11300742647836041 €/kWh","timestamp":"2025-05-31T16:01:08.180Z"}
{"level":"info","message":"Prix initialisé avec succès: 0.11300742647836041 €/kWh","timestamp":"2025-05-31T16:01:08.183Z"}
{"level":"info","message":"Prix simulé à 2025-05-31T16:01:08.006Z: 0.12054998935933502 €/kWh","timestamp":"2025-05-31T16:01:08.186Z"}
{"level":"info","message":"Prix mis à jour avec succès: 0.12054998935933502 €/kWh at 2025-05-31T16:01:08.188Z","timestamp":"2025-05-31T16:01:08.188Z"}
{"level":"error","message":"Erreur lors de la vérification des transactions: fetch failed","timestamp":"2025-05-31T16:01:08.254Z"}
{"level":"info","message":"Initialisation immédiate des prix à 2025-05-31T16:05:44.455Z","timestamp":"2025-05-31T16:05:44.459Z"}
{"level":"info","message":"Prix simulé à 2025-05-31T16:05:44.464Z: 0.13330473308441257 €/kWh","timestamp":"2025-05-31T16:05:44.649Z"}
{"level":"info","message":"Prix initialisé avec succès: 0.13330473308441257 €/kWh","timestamp":"2025-05-31T16:05:44.650Z"}
{"level":"info","message":"Initialisation immédiate des prix à 2025-05-31T16:07:10.189Z","timestamp":"2025-05-31T16:07:10.192Z"}
{"level":"info","message":"Prix simulé à 2025-05-31T16:07:10.197Z: 0.1499368788048464 €/kWh","timestamp":"2025-05-31T16:07:10.397Z"}
{"level":"info","message":"Prix initialisé avec succès: 0.1499368788048464 €/kWh","timestamp":"2025-05-31T16:07:10.399Z"}
{"level":"info","message":"Initialisation immédiate des prix à 2025-05-31T16:07:57.285Z","timestamp":"2025-05-31T16:07:57.287Z"}
{"level":"info","message":"Prix simulé à 2025-05-31T16:07:57.292Z: 0.1480384776807787 €/kWh","timestamp":"2025-05-31T16:07:57.475Z"}
{"level":"info","message":"Prix initialisé avec succès: 0.1480384776807787 €/kWh","timestamp":"2025-05-31T16:07:57.477Z"}
{"level":"info","message":"Initialisation immédiate des prix à 2025-05-31T16:12:07.631Z","timestamp":"2025-05-31T16:12:07.633Z"}
{"level":"info","message":"Prix simulé à 2025-05-31T16:12:07.636Z: 0.13871051898767223 €/kWh","timestamp":"2025-05-31T16:12:07.972Z"}
{"level":"info","message":"Prix initialisé avec succès: 0.13871051898767223 €/kWh","timestamp":"2025-05-31T16:12:07.979Z"}
{"level":"info","message":"Initialisation immédiate des prix à 2025-05-31T16:15:26.802Z","timestamp":"2025-05-31T16:15:26.804Z"}
{"level":"info","message":"Worker energy-prices processing job: update-price at 2025-05-31T16:15:27.062Z","timestamp":"2025-05-31T16:15:27.062Z"}
{"level":"info","message":"Prix simulé à 2025-05-31T16:15:26.815Z: 0.12556361373792282 €/kWh","timestamp":"2025-05-31T16:15:27.067Z"}
{"level":"info","message":"Prix initialisé avec succès: 0.12556361373792282 €/kWh","timestamp":"2025-05-31T16:15:27.069Z"}
{"level":"info","message":"Prix simulé à 2025-05-31T16:15:27.063Z: 0.10326862749084781 €/kWh","timestamp":"2025-05-31T16:15:27.184Z"}
{"level":"info","message":"Prix mis à jour avec succès: 0.10326862749084781 €/kWh at 2025-05-31T16:15:27.185Z","timestamp":"2025-05-31T16:15:27.185Z"}
{"level":"info","message":"Initialisation immédiate des prix à 2025-05-31T16:17:11.030Z","timestamp":"2025-05-31T16:17:11.032Z"}
{"level":"info","message":"Prix simulé à 2025-05-31T16:17:11.037Z: 0.11218695319165928 €/kWh","timestamp":"2025-05-31T16:17:11.198Z"}
{"level":"info","message":"Prix initialisé avec succès: 0.11218695319165928 €/kWh","timestamp":"2025-05-31T16:17:11.199Z"}
{"level":"info","message":"Worker energy-prices processing job: update-price at 2025-05-31T16:30:00.213Z","timestamp":"2025-05-31T16:30:00.228Z"}
{"level":"info","message":"Worker energy-trades processing job: check-trade at 2025-05-31T16:30:00.268Z","timestamp":"2025-05-31T16:30:00.268Z"}
{"level":"info","message":"Prix simulé à 2025-05-31T16:30:00.251Z: 0.11945750951279592 €/kWh","timestamp":"2025-05-31T16:30:00.331Z"}
{"level":"info","message":"Prix mis à jour avec succès: 0.11945750951279592 €/kWh at 2025-05-31T16:30:00.334Z","timestamp":"2025-05-31T16:30:00.334Z"}
{"level":"info","message":"Vérification des transactions terminée at 2025-05-31T16:30:04.902Z","timestamp":"2025-05-31T16:30:04.902Z"}
{"level":"info","message":"Worker energy-trades processing job: check-trade at 2025-05-31T16:45:00.100Z","timestamp":"2025-05-31T16:45:00.102Z"}
{"level":"info","message":"Worker energy-prices processing job: update-price at 2025-05-31T16:45:00.126Z","timestamp":"2025-05-31T16:45:00.126Z"}
{"level":"info","message":"Prix simulé à 2025-05-31T16:45:00.127Z: 0.11839484559246849 €/kWh","timestamp":"2025-05-31T16:45:00.214Z"}
{"level":"info","message":"Prix mis à jour avec succès: 0.11839484559246849 €/kWh at 2025-05-31T16:45:00.217Z","timestamp":"2025-05-31T16:45:00.217Z"}
{"level":"info","message":"Vérification des transactions terminée at 2025-05-31T16:45:02.901Z","timestamp":"2025-05-31T16:45:02.902Z"}
{"level":"info","message":"Worker energy-trades processing job: check-trade at 2025-05-31T17:00:00.125Z","timestamp":"2025-05-31T17:00:00.127Z"}
{"level":"info","message":"Worker energy-prices processing job: update-price at 2025-05-31T17:00:00.135Z","timestamp":"2025-05-31T17:00:00.135Z"}
{"level":"info","message":"Prix simulé à 2025-05-31T17:00:00.136Z: 0.11442008157685482 €/kWh","timestamp":"2025-05-31T17:00:00.220Z"}
{"level":"info","message":"Prix mis à jour avec succès: 0.11442008157685482 €/kWh at 2025-05-31T17:00:00.221Z","timestamp":"2025-05-31T17:00:00.221Z"}
{"level":"info","message":"Vérification des transactions terminée at 2025-05-31T17:00:02.850Z","timestamp":"2025-05-31T17:00:02.850Z"}
{"level":"info","message":"Worker energy-trades processing job: check-trade at 2025-05-31T17:15:00.058Z","timestamp":"2025-05-31T17:15:00.058Z"}
{"level":"info","message":"Worker energy-prices processing job: update-price at 2025-05-31T17:15:00.065Z","timestamp":"2025-05-31T17:15:00.065Z"}
{"level":"info","message":"Prix simulé à 2025-05-31T17:15:00.066Z: 0.13264083321466336 €/kWh","timestamp":"2025-05-31T17:15:00.107Z"}
{"level":"info","message":"Prix mis à jour avec succès: 0.13264083321466336 €/kWh at 2025-05-31T17:15:00.108Z","timestamp":"2025-05-31T17:15:00.108Z"}
{"level":"info","message":"Vérification des transactions terminée at 2025-05-31T17:15:02.494Z","timestamp":"2025-05-31T17:15:02.494Z"}
{"level":"info","message":"Worker energy-prices processing job: update-price at 2025-05-31T17:30:00.095Z","timestamp":"2025-05-31T17:30:00.100Z"}
{"level":"info","message":"Worker energy-trades processing job: check-trade at 2025-05-31T17:30:00.169Z","timestamp":"2025-05-31T17:30:00.169Z"}
{"level":"info","message":"Prix simulé à 2025-05-31T17:30:00.119Z: 0.11538675902289738 €/kWh","timestamp":"2025-05-31T17:30:00.338Z"}
{"level":"info","message":"Prix mis à jour avec succès: 0.11538675902289738 €/kWh at 2025-05-31T17:30:00.339Z","timestamp":"2025-05-31T17:30:00.339Z"}
{"level":"info","message":"Vérification des transactions terminée at 2025-05-31T17:30:04.828Z","timestamp":"2025-05-31T17:30:04.828Z"}
{"level":"info","message":"Initialisation immédiate des prix à 2025-05-31T17:58:59.810Z","timestamp":"2025-05-31T17:58:59.813Z"}
{"level":"info","message":"Prix simulé à 2025-05-31T17:58:59.818Z: 0.1340879094712397 €/kWh","timestamp":"2025-05-31T17:59:00.254Z"}
{"level":"info","message":"Prix initialisé avec succès: 0.1340879094712397 €/kWh","timestamp":"2025-05-31T17:59:00.255Z"}
{"level":"info","message":"Initialisation immédiate des prix à 2025-05-31T18:01:33.651Z","timestamp":"2025-05-31T18:01:33.653Z"}
{"level":"info","message":"Worker energy-trades processing job: check-trade at 2025-05-31T18:01:33.950Z","timestamp":"2025-05-31T18:01:33.950Z"}
{"level":"info","message":"Worker energy-prices processing job: update-price at 2025-05-31T18:01:33.963Z","timestamp":"2025-05-31T18:01:33.963Z"}
{"level":"info","message":"Prix simulé à 2025-05-31T18:01:33.656Z: 0.10025012493326017 €/kWh","timestamp":"2025-05-31T18:01:34.019Z"}
{"level":"info","message":"Prix initialisé avec succès: 0.10025012493326017 €/kWh","timestamp":"2025-05-31T18:01:34.021Z"}
{"level":"info","message":"Prix simulé à 2025-05-31T18:01:33.965Z: 0.13058013281479727 €/kWh","timestamp":"2025-05-31T18:01:34.045Z"}
{"level":"info","message":"Prix mis à jour avec succès: 0.13058013281479727 €/kWh at 2025-05-31T18:01:34.049Z","timestamp":"2025-05-31T18:01:34.049Z"}
{"level":"error","message":"Erreur lors de la vérification des transactions: fetch failed","timestamp":"2025-05-31T18:01:34.102Z"}
